<component name="libraryTable">
  <library name="junit-4.13">
    <CLASSES>
      <root url="jar://C:/Server/junit-4.13.jar!/" />
      <root url="jar://C:/Server/hamcrest-core-1.3.jar!/" />
    </CLASSES>
    <JAVADOC />
    <SOURCES />
  </library>
</component>